[2022-09-06T11:22:26.780] [DEBUG] cheese - login => username:admin,password:123456
[2022-09-06T11:22:26.783] [DEBUG] cheese - admin
[2022-09-06T11:22:26.794] [DEBUG] cheese - null
[2022-09-06T11:22:26.795] [DEBUG] cheese - null
[2022-09-06T11:52:13.776] [DEBUG] cheese - login => username:12345,password:1233554
[2022-09-06T11:52:13.776] [DEBUG] cheese - 12345
[2022-09-06T11:52:13.779] [DEBUG] cheese - null
[2022-09-06T11:52:13.779] [DEBUG] cheese - null
[2022-09-06T11:53:19.954] [DEBUG] cheese - login => username:asfsadg,password:sadgwerhe
[2022-09-06T11:53:19.955] [DEBUG] cheese - asfsadg
[2022-09-06T11:53:19.957] [DEBUG] cheese - null
[2022-09-06T11:53:19.957] [DEBUG] cheese - null
[2022-09-06T11:54:58.724] [DEBUG] cheese - login => username:sdafAWSFE,password:ewsdgfaerg
[2022-09-06T11:54:58.724] [DEBUG] cheese - sdafAWSFE
[2022-09-06T11:54:58.726] [DEBUG] cheese - null
[2022-09-06T11:54:58.726] [DEBUG] cheese - null
[2022-09-06T12:01:20.340] [DEBUG] cheese - login => username:admin,password:123456
[2022-09-06T12:01:20.340] [DEBUG] cheese - admin
[2022-09-06T12:01:20.343] [DEBUG] cheese - null
[2022-09-06T12:01:20.344] [DEBUG] cheese - null
[2022-09-06T12:08:04.313] [DEBUG] cheese - login => username:admin,password:123456
[2022-09-06T12:08:04.314] [DEBUG] cheese - admin
[2022-09-06T12:08:04.316] [DEBUG] cheese - null
[2022-09-06T12:08:04.316] [DEBUG] cheese - null
[2022-09-06T14:58:49.967] [DEBUG] cheese - login => username:admin,password:123456
[2022-09-06T14:58:49.968] [DEBUG] cheese - admin
[2022-09-06T14:58:49.977] [DEBUG] cheese - null
[2022-09-06T14:58:49.978] [DEBUG] cheese - null
[2022-09-06T15:03:30.145] [DEBUG] cheese - login => username:admin,password:123456
[2022-09-06T15:03:30.145] [DEBUG] cheese - admin
[2022-09-06T15:03:30.160] [DEBUG] cheese - null
[2022-09-06T15:03:30.160] [DEBUG] cheese - null
[2022-09-06T15:22:59.315] [DEBUG] cheese - login => username:admin,password:123456
[2022-09-06T15:22:59.315] [DEBUG] cheese - admin
[2022-09-06T15:22:59.327] [DEBUG] cheese - null
[2022-09-06T15:22:59.327] [DEBUG] cheese - null
[2022-09-06T15:58:24.055] [DEBUG] cheese - login => username:admin,password:123456
[2022-09-06T15:58:24.055] [DEBUG] cheese - admin
[2022-09-06T15:58:24.059] [DEBUG] cheese - null
[2022-09-06T15:58:24.059] [DEBUG] cheese - null
[2022-09-06T15:59:38.024] [DEBUG] cheese - login => username:admin,password:123456
[2022-09-06T15:59:38.024] [DEBUG] cheese - admin
[2022-09-06T15:59:38.030] [DEBUG] cheese - null
[2022-09-06T15:59:38.030] [DEBUG] cheese - null
[2022-09-06T16:49:14.603] [DEBUG] cheese - login => username:admin,password:123456
[2022-09-06T16:49:14.604] [DEBUG] cheese - admin
[2022-09-06T16:49:14.615] [DEBUG] cheese - null
[2022-09-06T16:49:14.615] [DEBUG] cheese - null
[2022-09-06T16:53:36.430] [DEBUG] cheese - login => username:admin,password:123456
[2022-09-06T16:53:36.430] [DEBUG] cheese - admin
[2022-09-06T16:53:36.432] [DEBUG] cheese - null
[2022-09-06T16:53:36.433] [DEBUG] cheese - null
[2022-09-06T16:59:44.722] [DEBUG] cheese - login => username:admin,password:123456
[2022-09-06T16:59:44.722] [DEBUG] cheese - admin
[2022-09-06T16:59:44.725] [DEBUG] cheese - null
[2022-09-06T16:59:44.725] [DEBUG] cheese - null
[2022-09-06T17:05:07.743] [DEBUG] cheese - login => username:admin,password:123456
[2022-09-06T17:05:07.743] [DEBUG] cheese - admin
[2022-09-06T17:05:07.746] [DEBUG] cheese - null
[2022-09-06T17:05:07.746] [DEBUG] cheese - null
[2022-09-06T17:11:37.681] [DEBUG] cheese - login => username:admin,password:123456
[2022-09-06T17:11:37.681] [DEBUG] cheese - admin
[2022-09-06T17:11:37.683] [DEBUG] cheese - null
[2022-09-06T17:11:37.683] [DEBUG] cheese - null
[2022-09-06T17:22:27.131] [DEBUG] cheese - login => username:admin,password:123456
[2022-09-06T17:22:27.131] [DEBUG] cheese - admin
[2022-09-06T17:22:27.134] [DEBUG] cheese - null
[2022-09-06T17:22:27.134] [DEBUG] cheese - null
[2022-09-06T18:40:39.513] [DEBUG] cheese - login => username:admin,password:123456
[2022-09-06T18:40:39.514] [DEBUG] cheese - admin
[2022-09-06T18:40:39.518] [DEBUG] cheese - null
[2022-09-06T18:40:39.518] [DEBUG] cheese - null
[2022-09-06T19:50:01.198] [DEBUG] cheese - login => username:admin,password:123456
[2022-09-06T19:50:01.198] [DEBUG] cheese - admin
[2022-09-06T19:50:01.201] [DEBUG] cheese - null
[2022-09-06T19:50:01.201] [DEBUG] cheese - null
[2022-09-06T19:51:18.473] [DEBUG] cheese - login => username:admin,password:123456
[2022-09-06T19:51:18.474] [DEBUG] cheese - admin
[2022-09-06T19:51:18.476] [DEBUG] cheese - null
[2022-09-06T19:51:18.476] [DEBUG] cheese - null
[2022-09-06T20:13:17.019] [DEBUG] cheese - login => username:admin,password:123456
[2022-09-06T20:13:17.020] [DEBUG] cheese - admin
[2022-09-06T20:13:17.022] [DEBUG] cheese - null
[2022-09-06T20:13:17.022] [DEBUG] cheese - null
[2022-09-07T12:40:23.345] [DEBUG] cheese - login => username:admin,password:123456
[2022-09-07T12:40:23.346] [DEBUG] cheese - admin
[2022-09-07T12:40:23.364] [DEBUG] cheese - null
[2022-09-07T12:40:23.364] [DEBUG] cheese - null
[2022-09-07T14:51:06.743] [DEBUG] cheese - login => username:admin,password:123456
[2022-09-07T14:51:06.744] [DEBUG] cheese - admin
[2022-09-07T14:51:06.758] [DEBUG] cheese - null
[2022-09-07T14:51:06.758] [DEBUG] cheese - null
[2022-09-07T18:26:17.518] [DEBUG] cheese - null
[2022-09-07T18:26:34.415] [DEBUG] cheese - null
[2022-09-07T18:27:41.047] [DEBUG] cheese - null
[2022-09-07T18:30:33.722] [DEBUG] cheese - null
[2022-09-07T18:34:17.430] [DEBUG] cheese - null
[2022-09-08T08:01:02.099] [DEBUG] cheese - login => username:admin,password:123456
[2022-09-08T08:01:02.101] [DEBUG] cheese - admin
[2022-09-08T08:01:02.139] [DEBUG] cheese - null
[2022-09-08T08:01:02.140] [DEBUG] cheese - null
[2022-09-08T14:30:40.195] [DEBUG] cheese - login => username:admin,password:123456
[2022-09-08T14:30:40.197] [DEBUG] cheese - admin
[2022-09-08T14:30:40.213] [DEBUG] cheese - null
[2022-09-08T14:30:40.214] [DEBUG] cheese - null
[2022-09-08T14:37:57.244] [DEBUG] cheese - login => username:admin,password:123456
[2022-09-08T14:37:57.244] [DEBUG] cheese - admin
[2022-09-08T14:37:57.246] [DEBUG] cheese - null
[2022-09-08T14:37:57.247] [DEBUG] cheese - null
[2022-09-08T14:47:23.888] [DEBUG] cheese - login => username:admin,password:123456
[2022-09-08T14:47:23.888] [DEBUG] cheese - admin
[2022-09-08T14:47:23.890] [DEBUG] cheese - null
[2022-09-08T14:47:23.891] [DEBUG] cheese - null
[2022-09-08T19:17:46.978] [DEBUG] cheese - login => username:admin,password:123456
[2022-09-08T19:17:46.980] [DEBUG] cheese - admin
[2022-09-08T19:17:47.003] [DEBUG] cheese - null
[2022-09-08T19:17:47.004] [DEBUG] cheese - null
[2022-09-08T19:18:36.144] [DEBUG] cheese - login => username:admin,password:123456
[2022-09-08T19:18:36.144] [DEBUG] cheese - admin
[2022-09-08T19:18:36.147] [DEBUG] cheese - null
[2022-09-08T19:18:36.147] [DEBUG] cheese - null
[2022-09-09T10:12:51.355] [DEBUG] cheese - login => username:admin,password:123456
[2022-09-09T10:12:51.357] [DEBUG] cheese - admin
[2022-09-09T10:12:51.386] [DEBUG] cheese - null
[2022-09-09T10:12:51.387] [DEBUG] cheese - null
[2022-09-09T10:39:24.879] [DEBUG] cheese - login => username:admin,password:123456
[2022-09-09T10:39:24.880] [DEBUG] cheese - admin
[2022-09-09T10:39:24.883] [DEBUG] cheese - null
[2022-09-09T10:39:24.883] [DEBUG] cheese - null
[2022-09-09T11:24:22.978] [DEBUG] cheese - login => username:admin,password:123456
[2022-09-09T11:24:22.980] [DEBUG] cheese - admin
[2022-09-09T11:24:22.988] [DEBUG] cheese - null
[2022-09-09T11:24:22.988] [DEBUG] cheese - null
[2022-09-09T15:23:33.546] [DEBUG] cheese - login => username:admin,password:123456
[2022-09-09T15:23:33.547] [DEBUG] cheese - admin
[2022-09-09T15:23:33.552] [DEBUG] cheese - null
[2022-09-09T15:23:33.552] [DEBUG] cheese - null
[2022-09-09T20:27:10.453] [DEBUG] cheese - login => username:admin,password:123456
[2022-09-09T20:27:10.454] [DEBUG] cheese - admin
[2022-09-09T20:27:10.474] [DEBUG] cheese - null
[2022-09-09T20:27:10.475] [DEBUG] cheese - null
[2022-09-10T13:22:20.954] [DEBUG] cheese - login => username:admin,password:123456
[2022-09-10T13:22:20.955] [DEBUG] cheese - admin
[2022-09-10T13:22:20.973] [DEBUG] cheese - null
[2022-09-10T13:22:20.974] [DEBUG] cheese - null
[2022-09-10T19:37:14.760] [DEBUG] cheese - login => username:admin,password:123456
[2022-09-10T19:37:14.761] [DEBUG] cheese - admin
[2022-09-10T19:37:14.775] [DEBUG] cheese - null
[2022-09-10T19:37:14.775] [DEBUG] cheese - null
[2022-09-10T19:37:42.545] [DEBUG] cheese - login => username:admin,password:123456
[2022-09-10T19:37:42.545] [DEBUG] cheese - admin
[2022-09-10T19:37:42.548] [DEBUG] cheese - null
[2022-09-10T19:37:42.549] [DEBUG] cheese - null
[2022-09-10T19:45:50.337] [DEBUG] cheese - login => username:admin,password:123456
[2022-09-10T19:45:50.337] [DEBUG] cheese - admin
[2022-09-10T19:45:50.339] [DEBUG] cheese - null
[2022-09-10T19:45:50.339] [DEBUG] cheese - null
[2022-09-11T10:44:57.489] [DEBUG] cheese - login => username:admin,password:123456
[2022-09-11T10:44:57.490] [DEBUG] cheese - admin
[2022-09-11T10:44:57.522] [DEBUG] cheese - null
[2022-09-11T10:44:57.523] [DEBUG] cheese - null
[2022-09-11T10:45:36.550] [DEBUG] cheese - login => username:admin,password:123456
[2022-09-11T10:45:36.551] [DEBUG] cheese - admin
[2022-09-11T10:45:36.554] [DEBUG] cheese - null
[2022-09-11T10:45:36.554] [DEBUG] cheese - null
[2022-09-11T10:46:43.851] [DEBUG] cheese - null
[2022-09-11T10:51:39.427] [DEBUG] cheese - login => username:admin,password:123456
[2022-09-11T10:51:39.428] [DEBUG] cheese - admin
[2022-09-11T10:51:39.434] [DEBUG] cheese - null
[2022-09-11T10:51:39.435] [DEBUG] cheese - null
[2022-09-11T10:56:56.740] [DEBUG] cheese - login => username:admin,password:123456
[2022-09-11T10:56:56.740] [DEBUG] cheese - admin
[2022-09-11T10:56:56.743] [DEBUG] cheese - null
[2022-09-11T10:56:56.743] [DEBUG] cheese - null
[2022-09-11T11:06:33.350] [DEBUG] cheese - login => username:admin,password:123456
[2022-09-11T11:06:33.350] [DEBUG] cheese - admin
[2022-09-11T11:06:33.353] [DEBUG] cheese - null
[2022-09-11T11:06:33.353] [DEBUG] cheese - null
[2022-09-11T11:09:37.005] [DEBUG] cheese - login => username:admin,password:123456
[2022-09-11T11:09:37.006] [DEBUG] cheese - admin
[2022-09-11T11:09:37.009] [DEBUG] cheese - null
[2022-09-11T11:09:37.009] [DEBUG] cheese - null
[2022-09-11T11:10:13.700] [DEBUG] cheese - null
[2022-09-11T11:10:16.468] [DEBUG] cheese - null
[2022-09-11T11:10:18.902] [DEBUG] cheese - null
[2022-09-11T11:14:19.559] [DEBUG] cheese - login => username:admin1,password:123456
[2022-09-11T11:14:19.559] [DEBUG] cheese - admin1
[2022-09-11T11:14:19.562] [DEBUG] cheese - null
[2022-09-11T11:14:19.563] [DEBUG] cheese - null
[2022-09-11T11:14:23.455] [DEBUG] cheese - login => username:admin,password:123456
[2022-09-11T11:14:23.456] [DEBUG] cheese - admin
[2022-09-11T11:14:23.458] [DEBUG] cheese - null
[2022-09-11T11:14:23.458] [DEBUG] cheese - null
[2022-09-11T11:15:50.959] [DEBUG] cheese - null
[2022-09-11T11:15:53.062] [DEBUG] cheese - null
[2022-09-11T11:15:56.393] [DEBUG] cheese - null
[2022-09-11T15:55:04.980] [DEBUG] cheese - login => username:admin,password:123456
[2022-09-11T15:55:04.981] [DEBUG] cheese - admin
[2022-09-11T15:55:04.996] [DEBUG] cheese - null
[2022-09-11T15:55:04.996] [DEBUG] cheese - null
[2022-09-11T16:51:14.304] [DEBUG] cheese - login => username:admin,password:123456
[2022-09-11T16:51:14.305] [DEBUG] cheese - admin
[2022-09-11T16:51:14.329] [DEBUG] cheese - null
[2022-09-11T16:51:14.329] [DEBUG] cheese - null
[2022-09-13T14:50:49.774] [DEBUG] cheese - login => username:admin,password:123456
[2022-09-13T14:50:49.775] [DEBUG] cheese - admin
[2022-09-13T14:50:49.808] [DEBUG] cheese - null
[2022-09-13T14:50:49.809] [DEBUG] cheese - null
[2022-09-13T16:23:40.387] [DEBUG] cheese - login => username:admin,password:123456
[2022-09-13T16:23:40.388] [DEBUG] cheese - admin
[2022-09-13T16:23:40.394] [DEBUG] cheese - null
[2022-09-13T16:23:40.395] [DEBUG] cheese - null
[2022-09-13T16:31:34.599] [DEBUG] cheese - login => username:admin,password:123456
[2022-09-13T16:31:34.599] [DEBUG] cheese - admin
[2022-09-13T16:31:34.601] [DEBUG] cheese - null
[2022-09-13T16:31:34.601] [DEBUG] cheese - null
[2022-09-13T20:10:29.538] [DEBUG] cheese - null
